Build started 4/27/2015 8:26:02 PM.
     1>Project "C:\Users\Ian\Documents\GitHub\Cpp-Workspace\BGE\BGE\BGE.vcxproj" on node 2 (build target(s)).
     1>InitializeBuildStatus:
         Creating "Debug\BGE.unsuccessfulbuild" because "AlwaysCreate" was specified.
       ClCompile:
         All outputs are up-to-date.
         c:\Program Files (x86)\Microsoft Visual Studio 10.0\VC\bin\CL.exe /c /ZI /nologo /W3 /WX- /Od /Oy- /D WIN32 /D _DEBUG /D _CONSOLE /D _UNICODE /D UNICODE /Gm /EHsc /RTC1 /MDd /GS /fp:precise /Zc:wchar_t /Zc:forScope /Yu"StdAfx.h" /Fp"Debug\BGE.pch" /Fo"Debug\\" /Fd"Debug\vc100.pdb" /Gd /TP /analyze- /errorReport:prompt BGE.cpp
         BGE.cpp
       ManifestResourceCompile:
         All outputs are up-to-date.
       Link:
         c:\Program Files (x86)\Microsoft Visual Studio 10.0\VC\bin\link.exe /ERRORREPORT:PROMPT /OUT:"C:\Users\Ian\Documents\GitHub\Cpp-Workspace\BGE\Debug\BGE.exe" /INCREMENTAL /NOLOGO kernel32.lib user32.lib gdi32.lib winspool.lib comdlg32.lib advapi32.lib shell32.lib ole32.lib oleaut32.lib uuid.lib odbc32.lib odbccp32.lib /MANIFEST /ManifestFile:"Debug\BGE.exe.intermediate.manifest" /MANIFESTUAC:"level='asInvoker' uiAccess='false'" /DEBUG /PDB:"C:\Users\Ian\Documents\GitHub\Cpp-Workspace\BGE\Debug\BGE.pdb" /SUBSYSTEM:CONSOLE /TLBID:1 /DYNAMICBASE /NXCOMPAT /IMPLIB:"C:\Users\Ian\Documents\GitHub\Cpp-Workspace\BGE\Debug\BGE.lib" /MACHINE:X86 Debug\BGE.exe.embed.manifest.res
         Debug\BGE.obj
         Debug\stdafx.obj
       Manifest:
         C:\Program Files (x86)\Microsoft SDKs\Windows\v7.0A\bin\mt.exe /nologo /verbose /out:"Debug\BGE.exe.embed.manifest" /manifest Debug\BGE.exe.intermediate.manifest
         All outputs are up-to-date.
       LinkEmbedManifest:
         All outputs are up-to-date.
         BGE.vcxproj -> C:\Users\Ian\Documents\GitHub\Cpp-Workspace\BGE\Debug\BGE.exe
       FinalizeBuildStatus:
         Deleting file "Debug\BGE.unsuccessfulbuild".
         Touching "Debug\BGE.lastbuildstate".
     1>Done Building Project "C:\Users\Ian\Documents\GitHub\Cpp-Workspace\BGE\BGE\BGE.vcxproj" (build target(s)).

Build succeeded.

Time Elapsed 00:00:00.78
